<?xml version="1.0" encoding="UTF-8"?>
<!-- Generated by org.testng.reporters.JUnitReportReporter -->
<testsuite hostname="DESKTOP-SGPLFQ4" failures="0" tests="4" name="magentoProjectTest.MyFirstTask" time="21.223" errors="0" timestamp="2024-08-11T11:12:38 EEST" skipped="0">
  <testcase classname="magentoProjectTest.MyFirstTask" name="createAnAccount" time="5.084"/>
  <system-out/>
  <testcase classname="magentoProjectTest.MyFirstTask" name="logout" time="1.885"/>
  <system-out/>
  <testcase classname="magentoProjectTest.MyFirstTask" name="signIn" time="6.545"/>
  <system-out/>
  <testcase classname="magentoProjectTest.MyFirstTask" name="addMenItem" time="7.709"/>
  <system-out/>
</testsuite> <!-- magentoProjectTest.MyFirstTask -->
